--- Copying files at Mon Dec 18 12:05:32 UTC 2023
INSTALLED plugins/pipeline-build-step.jpi : 540.vb_e8849e1a_b_d8
INSTALLED plugins/docker-commons.jpi : 439.va_3cb_0a_6a_fb_29
INSTALLED plugins/jenkins-design-language.jpi : 1.27.9
INSTALLED plugins/blueocean-display-url.jpi : 2.4.2
INSTALLED plugins/blueocean-pipeline-scm-api.jpi : 1.27.9
INSTALLED plugins/blueocean-rest-impl.jpi : 1.27.9
INSTALLED plugins/display-url-api.jpi : 2.200.vb_9327d658781
INSTALLED plugins/workflow-cps.jpi : 3826.v3b_5707fe44da_
INSTALLED plugins/ionicons-api.jpi : 56.v1b_1c8c49374e
INSTALLED plugins/blueocean.jpi : 1.27.9
INSTALLED plugins/git.jpi : 5.2.1
INSTALLED plugins/git-client.jpi : 4.6.0
INSTALLED plugins/ssh-credentials.jpi : 308.ve4497b_ccd8f4
INSTALLED plugins/token-macro.jpi : 400.v35420b_922dcb_
INSTALLED plugins/blueocean-commons.jpi : 1.27.9
INSTALLED plugins/pipeline-graph-analysis.jpi : 202.va_d268e64deb_3
INSTALLED plugins/blueocean-pipeline-api-impl.jpi : 1.27.9
INSTALLED plugins/workflow-multibranch.jpi : 756.v891d88f2cd46
INSTALLED plugins/scm-api.jpi : 683.vb_16722fb_b_80b_
INSTALLED plugins/credentials.jpi : 1311.vcf0a_900b_37c2
INSTALLED plugins/plugin-util-api.jpi : 3.6.0
INSTALLED plugins/blueocean-github-pipeline.jpi : 1.27.9
INSTALLED plugins/javax-activation-api.jpi : 1.2.0-6
INSTALLED plugins/bouncycastle-api.jpi : 2.30.1.77-225.v26ea_c9455fd9
INSTALLED plugins/blueocean-git-pipeline.jpi : 1.27.9
INSTALLED plugins/pipeline-model-definition.jpi : 2.2151.ve32c9d209a_3f
INSTALLED plugins/joda-time-api.jpi : 2.12.5-5.v5495a_235fedf
INSTALLED plugins/pipeline-model-extensions.jpi : 2.2151.ve32c9d209a_3f
INSTALLED plugins/jjwt-api.jpi : 0.11.5-77.v646c772fddb_0
INSTALLED plugins/blueocean-rest.jpi : 1.27.9
INSTALLED plugins/blueocean-core-js.jpi : 1.27.9
INSTALLED plugins/echarts-api.jpi : 5.4.3-2
INSTALLED plugins/blueocean-bitbucket-pipeline.jpi : 1.27.9
INSTALLED plugins/mina-sshd-api-common.jpi : 2.11.0-86.v836f585d47fa_
INSTALLED plugins/blueocean-web.jpi : 1.27.9
INSTALLED plugins/pipeline-stage-step.jpi : 305.ve96d0205c1c6
INSTALLED plugins/jquery3-api.jpi : 3.7.1-1
INSTALLED plugins/favorite.jpi : 2.208.v91d65b_7792a_c
INSTALLED plugins/sse-gateway.jpi : 1.26
INSTALLED plugins/apache-httpcomponents-client-4-api.jpi : 4.5.14-208.v438351942757
INSTALLED plugins/pipeline-milestone-step.jpi : 111.v449306f708b_7
INSTALLED plugins/pipeline-model-api.jpi : 2.2151.ve32c9d209a_3f
INSTALLED plugins/okhttp-api.jpi : 4.11.0-157.v6852a_a_fa_ec11
INSTALLED plugins/github-api.jpi : 1.318-461.v7a_c09c9fa_d63
INSTALLED plugins/bootstrap5-api.jpi : 5.3.2-3
INSTALLED plugins/jakarta-activation-api.jpi : 2.0.1-3
INSTALLED plugins/handy-uri-templates-2-api.jpi : 2.1.8-30.v7e777411b_148
INSTALLED plugins/plain-credentials.jpi : 143.v1b_df8b_d3b_e48
INSTALLED plugins/blueocean-config.jpi : 1.27.9
INSTALLED plugins/matrix-project.jpi : 818.v7eb_e657db_924
INSTALLED plugins/commons-lang3-api.jpi : 3.13.0-62.v7d18e55f51e2
INSTALLED plugins/htmlpublisher.jpi : 1.32
INSTALLED plugins/workflow-basic-steps.jpi : 1042.ve7b_140c4a_e0c
INSTALLED plugins/jakarta-mail-api.jpi : 2.0.1-3
INSTALLED plugins/font-awesome-api.jpi : 6.5.1-1
INSTALLED plugins/workflow-step-api.jpi : 639.v6eca_cd8c04a_a_
INSTALLED plugins/script-security.jpi : 1294.v99333c047434
INSTALLED plugins/authentication-tokens.jpi : 1.53.v1c90fd9191a_b_
INSTALLED plugins/github-branch-source.jpi : 1758.v048414714f5d
INSTALLED plugins/workflow-support.jpi : 865.v43e78cc44e0d
INSTALLED plugins/pubsub-light.jpi : 1.18
INSTALLED plugins/commons-text-api.jpi : 1.11.0-95.v22a_d30ee5d36
INSTALLED plugins/blueocean-i18n.jpi : 1.27.9
INSTALLED plugins/durable-task.jpi : 523.va_a_22cf15d5e0
INSTALLED plugins/blueocean-personalization.jpi : 1.27.9
INSTALLED plugins/instance-identity.jpi : 185.v303dc7c645f9
INSTALLED plugins/cloudbees-folder.jpi : 6.858.v898218f3609d
INSTALLED plugins/structs.jpi : 325.vcb_307d2a_2782
INSTALLED plugins/jackson2-api.jpi : 2.15.3-372.v309620682326
INSTALLED plugins/jaxb.jpi : 2.3.9-1
INSTALLED plugins/junit.jpi : 1252.vfc2e5efa_294f
INSTALLED plugins/mailer.jpi : 463.vedf8358e006b_
INSTALLED plugins/workflow-scm-step.jpi : 415.v434365564324
INSTALLED plugins/mina-sshd-api-core.jpi : 2.11.0-86.v836f585d47fa_
INSTALLED plugins/blueocean-pipeline-editor.jpi : 1.27.9
INSTALLED plugins/blueocean-events.jpi : 1.27.9
INSTALLED plugins/caffeine-api.jpi : 3.1.8-133.v17b_1ff2e0599
INSTALLED plugins/workflow-api.jpi : 1283.v99c10937efcb_
INSTALLED plugins/blueocean-dashboard.jpi : 1.27.9
INSTALLED plugins/workflow-job.jpi : 1385.vb_58b_86ea_fff1
INSTALLED plugins/snakeyaml-api.jpi : 2.2-111.vc6598e30cc65
INSTALLED plugins/variant.jpi : 60.v7290fc0eb_b_cd
INSTALLED plugins/pipeline-input-step.jpi : 477.v339683a_8d55e
INSTALLED plugins/checks-api.jpi : 2.0.2
INSTALLED plugins/credentials-binding.jpi : 642.v737c34dea_6c2
INSTALLED plugins/trilead-api.jpi : 2.84.v72119de229b_7
INSTALLED plugins/pipeline-groovy-lib.jpi : 689.veec561a_dee13
INSTALLED plugins/github.jpi : 1.37.3.1
INSTALLED plugins/pipeline-stage-tags-metadata.jpi : 2.2151.ve32c9d209a_3f
INSTALLED plugins/workflow-durable-task-step.jpi : 1289.v4d3e7b_01546b_
INSTALLED plugins/cloudbees-bitbucket-branch-source.jpi : 856.v04c46c86f911
INSTALLED plugins/branch-api.jpi : 2.1135.v8de8e7899051
INSTALLED plugins/docker-workflow.jpi : 572.v950f58993843
INSTALLED plugins/blueocean-jwt.jpi : 1.27.9
--- Copying files at Mon Dec 18 12:08:23 UTC 2023
--- Copying files at Mon Dec 18 12:22:38 UTC 2023
--- Copying files at Mon Dec 18 12:22:46 UTC 2023
--- Copying files at Mon Dec 18 12:24:12 UTC 2023
--- Copying files at Mon Dec 18 12:30:58 UTC 2023
--- Copying files at Mon Dec 18 12:31:50 UTC 2023
--- Copying files at Mon Dec 18 12:37:32 UTC 2023
--- Copying files at Mon Dec 18 12:38:27 UTC 2023
--- Copying files at Mon Dec 18 12:41:51 UTC 2023
--- Copying files at Mon Dec 18 12:49:11 UTC 2023
--- Copying files at Mon Dec 18 12:49:42 UTC 2023
--- Copying files at Mon Dec 18 13:00:59 UTC 2023
--- Copying files at Mon Dec 18 13:04:30 UTC 2023
--- Copying files at Mon Dec 18 13:04:57 UTC 2023
--- Copying files at Mon Dec 18 13:18:00 UTC 2023
--- Copying files at Thu Dec 21 12:04:57 UTC 2023
--- Copying files at Thu Dec 21 13:41:02 UTC 2023
--- Copying files at Thu Dec 21 14:05:55 UTC 2023
--- Copying files at Thu Dec 21 15:04:19 UTC 2023
--- Copying files at Thu Dec 21 15:16:06 UTC 2023
--- Copying files at Wed Jan 24 16:48:40 UTC 2024
UPGRADED plugins/workflow-cps.jpi : Image version (3853.vb_a_490d892963) is newer than installed version (3826.v3b_5707fe44da_)
UPGRADED plugins/workflow-multibranch.jpi : Image version (773.vc4fe1378f1d5) is newer than installed version (756.v891d88f2cd46)
UPGRADED plugins/plugin-util-api.jpi : Image version (3.8.0) is newer than installed version (3.6.0)
UPGRADED plugins/pipeline-model-definition.jpi : Image version (2.2175.v76a_fff0a_2618) is newer than installed version (2.2151.ve32c9d209a_3f)
UPGRADED plugins/joda-time-api.jpi : Image version (2.12.6-21.vca_fd74418fb_7) is newer than installed version (2.12.5-5.v5495a_235fedf)
UPGRADED plugins/pipeline-model-extensions.jpi : Image version (2.2175.v76a_fff0a_2618) is newer than installed version (2.2151.ve32c9d209a_3f)
UPGRADED plugins/mina-sshd-api-common.jpi : Image version (2.12.0-90.v9f7fb_9fa_3d3b_) is newer than installed version (2.11.0-86.v836f585d47fa_)
UPGRADED plugins/pipeline-model-api.jpi : Image version (2.2175.v76a_fff0a_2618) is newer than installed version (2.2151.ve32c9d209a_3f)
UPGRADED plugins/matrix-project.jpi : Image version (822.824.v14451b_c0fd42) is newer than installed version (818.v7eb_e657db_924)
INSTALLED plugins/gson-api.jpi : 2.10.1-15.v0d99f670e0a_7
UPGRADED plugins/font-awesome-api.jpi : Image version (6.5.1-2) is newer than installed version (6.5.1-1)
UPGRADED plugins/workflow-step-api.jpi : Image version (657.v03b_e8115821b_) is newer than installed version (639.v6eca_cd8c04a_a_)
UPGRADED plugins/script-security.jpi : Image version (1313.v7a_6067dc7087) is newer than installed version (1294.v99333c047434)
UPGRADED plugins/github-branch-source.jpi : Image version (1772.va_69eda_d018d4) is newer than installed version (1758.v048414714f5d)
UPGRADED plugins/durable-task.jpi : Image version (543.v262f6a_803410) is newer than installed version (523.va_a_22cf15d5e0)
UPGRADED plugins/structs.jpi : Image version (337.v1b_04ea_4df7c8) is newer than installed version (325.vcb_307d2a_2782)
UPGRADED plugins/jackson2-api.jpi : Image version (2.16.1-373.ve709c6871598) is newer than installed version (2.15.3-372.v309620682326)
UPGRADED plugins/junit.jpi : Image version (1256.v002534a_5f33e) is newer than installed version (1252.vfc2e5efa_294f)
UPGRADED plugins/mina-sshd-api-core.jpi : Image version (2.12.0-90.v9f7fb_9fa_3d3b_) is newer than installed version (2.11.0-86.v836f585d47fa_)
UPGRADED plugins/credentials-binding.jpi : Image version (657.v2b_19db_7d6e6d) is newer than installed version (642.v737c34dea_6c2)
UPGRADED plugins/trilead-api.jpi : Image version (2.133.vfb_8a_7b_9c5dd1) is newer than installed version (2.84.v72119de229b_7)
UPGRADED plugins/pipeline-groovy-lib.jpi : Image version (704.vc58b_8890a_384) is newer than installed version (689.veec561a_dee13)
UPGRADED plugins/pipeline-stage-tags-metadata.jpi : Image version (2.2175.v76a_fff0a_2618) is newer than installed version (2.2151.ve32c9d209a_3f)
UPGRADED plugins/workflow-durable-task-step.jpi : Image version (1317.v5337e0c1fe28) is newer than installed version (1289.v4d3e7b_01546b_)
UPGRADED plugins/cloudbees-bitbucket-branch-source.jpi : Image version (866.vdea_7dcd3008e) is newer than installed version (856.v04c46c86f911)
UPGRADED plugins/branch-api.jpi : Image version (2.1144.v1425d1c3d5a_7) is newer than installed version (2.1135.v8de8e7899051)
